<?xml version="1.0" encoding="UTF-8"?>
<testsuite name="GameStateTest" tests="8" skipped="0" failures="0" errors="0" timestamp="2019-02-19T17:09:18" hostname="pc2-017-l" time="0.017">
  <properties/>
  <testcase name="processLetterEmpty" classname="GameStateTest" time="0.005"/>
  <testcase name="processLetterSpace" classname="GameStateTest" time="0.0"/>
  <testcase name="processLetterCorrectLetterCapitalized" classname="GameStateTest" time="0.0"/>
  <testcase name="processLetterCorrectLetter" classname="GameStateTest" time="0.0"/>
  <testcase name="processLetterIncorrectLetter" classname="GameStateTest" time="0.0"/>
  <testcase name="processLetterHint" classname="GameStateTest" time="0.009"/>
  <testcase name="processLetterNull" classname="GameStateTest" time="0.001"/>
  <testcase name="processLetterIncorrectWord" classname="GameStateTest" time="0.0"/>
  <system-out><![CDATA[Try: e
]]></system-out>
  <system-err><![CDATA[]]></system-err>
</testsuite>
