<?xml version="1.0" encoding="UTF-8"?>
<testsuite name="GameStateTest" tests="11" skipped="0" failures="0" errors="0" timestamp="2019-02-19T17:33:37" hostname="pc2-017-l" time="0.017">
  <properties/>
  <testcase name="processLetterRemainingLettersGuessCorrect" classname="GameStateTest" time="0.006"/>
  <testcase name="processLetterEmpty" classname="GameStateTest" time="0.001"/>
  <testcase name="processLetterSpace" classname="GameStateTest" time="0.0"/>
  <testcase name="processLetterCorrectLetterCapitalized" classname="GameStateTest" time="0.0"/>
  <testcase name="processLetterFullWordGuessCapitalized" classname="GameStateTest" time="0.0"/>
  <testcase name="processLetterCorrectLetter" classname="GameStateTest" time="0.0"/>
  <testcase name="processLetterFullWordGuess" classname="GameStateTest" time="0.0"/>
  <testcase name="processLetterIncorrectLetter" classname="GameStateTest" time="0.001"/>
  <testcase name="processLetterHint" classname="GameStateTest" time="0.007"/>
  <testcase name="processLetterNull" classname="GameStateTest" time="0.0"/>
  <testcase name="processLetterIncorrectWord" classname="GameStateTest" time="0.0"/>
  <system-out><![CDATA[Try: s
Try: t
No more hints allowed
]]></system-out>
  <system-err><![CDATA[]]></system-err>
</testsuite>
