<?xml version="1.0" encoding="UTF-8"?>
<testsuite name="WordsTest" tests="9" skipped="0" failures="0" errors="0" timestamp="2019-02-20T17:55:23" hostname="pc5-031-l" time="0.004">
  <properties/>
  <testcase name="randomWordIOError" classname="WordsTest" time="0.001"/>
  <testcase name="randomWordRealTXT" classname="WordsTest" time="0.0"/>
  <testcase name="randomWordOne" classname="WordsTest" time="0.0"/>
  <testcase name="randomWordTwo" classname="WordsTest" time="0.0"/>
  <testcase name="getSetOfWordsOne" classname="WordsTest" time="0.0"/>
  <testcase name="getSetOfWordsTwo" classname="WordsTest" time="0.0"/>
  <testcase name="getSetOfWordsThree" classname="WordsTest" time="0.0"/>
  <testcase name="randomWordThree" classname="WordsTest" time="0.0"/>
  <testcase name="randomWordRandomString" classname="WordsTest" time="0.0"/>
  <system-out><![CDATA[File error
File error
]]></system-out>
  <system-err><![CDATA[]]></system-err>
</testsuite>
