<?xml version="1.0" encoding="UTF-8"?>
<testsuite name="HangmanTest" tests="5" skipped="0" failures="0" errors="0" timestamp="2019-02-20T19:58:07" hostname="pc5-031-l" time="0.017">
  <properties/>
  <testcase name="loseGame" classname="HangmanTest" time="0.008"/>
  <testcase name="initiateGameWithAlternativePath" classname="HangmanTest" time="0.001"/>
  <testcase name="initiateGameAfterWrongEntry" classname="HangmanTest" time="0.006"/>
  <testcase name="winGame" classname="HangmanTest" time="0.0"/>
  <testcase name="initiateGameNormal" classname="HangmanTest" time="0.001"/>
  <system-out><![CDATA[]]></system-out>
  <system-err><![CDATA[]]></system-err>
</testsuite>
