<?xml version="1.0" encoding="UTF-8"?>
<testsuite name="CommandOptsTest" tests="1" skipped="0" failures="0" errors="0" timestamp="2019-02-15T14:52:20" hostname="pc5-035-l" time="0.017">
  <properties/>
  <testcase name="optionsTest" classname="CommandOptsTest" time="0.017"/>
  <system-out><![CDATA[]]></system-out>
  <system-err><![CDATA[]]></system-err>
</testsuite>
