<?xml version="1.0" encoding="UTF-8"?>
<testsuite name="CommandOptsTest" tests="15" skipped="0" failures="0" errors="0" timestamp="2019-02-19T19:11:54" hostname="pc2-017-l" time="0.012">
  <properties/>
  <testcase name="optionsEmptyGuesses" classname="CommandOptsTest" time="0.003"/>
  <testcase name="optionsSpacesHints" classname="CommandOptsTest" time="0.0"/>
  <testcase name="optionsSpacesGuesses" classname="CommandOptsTest" time="0.0"/>
  <testcase name="optionsNoArgs" classname="CommandOptsTest" time="0.001"/>
  <testcase name="optionsNullArgs" classname="CommandOptsTest" time="0.0"/>
  <testcase name="optionsNullHintsandGuesses" classname="CommandOptsTest" time="0.0"/>
  <testcase name="optionsEmptyHints" classname="CommandOptsTest" time="0.0"/>
  <testcase name="optionsDefault" classname="CommandOptsTest" time="0.0"/>
  <testcase name="optionsIncorrectGuessesIndicator" classname="CommandOptsTest" time="0.001"/>
  <testcase name="optionsNullHints" classname="CommandOptsTest" time="0.0"/>
  <testcase name="optionsNullGuessesIndicator" classname="CommandOptsTest" time="0.0"/>
  <testcase name="optionsDirectoryInsteadOfFile" classname="CommandOptsTest" time="0.002"/>
  <testcase name="optionsNullGuesses" classname="CommandOptsTest" time="0.001"/>
  <testcase name="optionsEmptyGuessesIndicator" classname="CommandOptsTest" time="0.0"/>
  <testcase name="optionsIncorrectFilePath" classname="CommandOptsTest" time="0.0"/>
  <system-out><![CDATA[Please enter valid word source
Please enter valid word source
Please enter valid word source
Please enter valid word source
Please enter valid word source
Please enter valid word source
Please enter valid word source
]]></system-out>
  <system-err><![CDATA[]]></system-err>
</testsuite>
