<?xml version="1.0" encoding="UTF-8"?>
<testsuite name="CommandOptsTest" tests="1" skipped="0" failures="0" errors="0" timestamp="2019-02-12T13:19:31" hostname="pc2-096-l" time="0.007">
  <properties/>
  <testcase name="optionsTest" classname="CommandOptsTest" time="0.007"/>
  <system-out><![CDATA[]]></system-out>
  <system-err><![CDATA[]]></system-err>
</testsuite>
